  Main.cpp
C:\Users\negr\Desktop\havok.cc\Havok.CC-Rust-Main\Havok.cc-Rust-External\rust\SDK\Math.hpp(270,25): warning C4305: 'initializing': truncation from 'double' to 'float'
C:\Users\negr\Desktop\havok.cc\Havok.CC-Rust-Main\Havok.cc-Rust-External\rust\SDK\Math.hpp(272,19): warning C4305: '+=': truncation from 'double' to 'float'
C:\Users\negr\Desktop\havok.cc\Havok.CC-Rust-Main\Havok.cc-Rust-External\rust\SDK\Math.hpp(274,19): warning C4305: '-=': truncation from 'double' to 'float'
C:\Users\negr\Desktop\havok.cc\Havok.CC-Rust-Main\Havok.cc-Rust-External\rust\SDK\Math.hpp(276,19): warning C4305: '+=': truncation from 'double' to 'float'
C:\Users\negr\Desktop\havok.cc\Havok.CC-Rust-Main\Havok.cc-Rust-External\rust\SDK\Math.hpp(277,32): warning C4244: '=': conversion from 'double' to 'float', possible loss of data
C:\Users\negr\Desktop\havok.cc\Havok.CC-Rust-Main\Havok.cc-Rust-External\rust\SDK\Math.hpp(286,66): warning C4244: 'argument': conversion from 'double' to 'float', possible loss of data
C:\Users\negr\Desktop\havok.cc\Havok.CC-Rust-Main\Havok.cc-Rust-External\rust\SDK\Driver.hpp(82,29): warning C4229: anachronism used: modifiers on data are ignored
C:\Users\negr\Desktop\havok.cc\Havok.CC-Rust-Main\Havok.cc-Rust-External\rust\SDK\Driver.hpp(101,29): warning C4229: anachronism used: modifiers on data are ignored
C:\Users\negr\Desktop\havok.cc\Havok.CC-Rust-Main\Havok.cc-Rust-External\rust\SDK\Driver.hpp(159,29): warning C4229: anachronism used: modifiers on data are ignored
C:\Users\negr\Desktop\havok.cc\Havok.CC-Rust-Main\Havok.cc-Rust-External\rust\SDK\Driver.hpp(180,29): warning C4229: anachronism used: modifiers on data are ignored
C:\Users\negr\Desktop\havok.cc\Havok.CC-Rust-Main\Havok.cc-Rust-External\rust\SDK\Driver.hpp(195,29): warning C4229: anachronism used: modifiers on data are ignored
C:\Users\negr\Desktop\havok.cc\Havok.CC-Rust-Main\Havok.cc-Rust-External\rust\SDK\Driver.hpp(213,29): warning C4229: anachronism used: modifiers on data are ignored
C:\Users\negr\Desktop\havok.cc\Havok.CC-Rust-Main\Havok.cc-Rust-External\rust\Overlay\color.hpp(5,1): warning C4005: 'M_PI': macro redefinition
C:\Users\negr\Desktop\havok.cc\Havok.CC-Rust-Main\Havok.cc-Rust-External\rust\SDK\Math.hpp(131): message : see previous definition of 'M_PI'
C:\Users\negr\Desktop\havok.cc\Havok.CC-Rust-Main\Havok.cc-Rust-External\rust\Overlay\color.hpp(17,27): warning C4244: '=': conversion from 'uint32_t' to 'float', possible loss of data
C:\Users\negr\Desktop\havok.cc\Havok.CC-Rust-Main\Havok.cc-Rust-External\rust\Overlay\color.hpp(18,27): warning C4244: '=': conversion from 'uint32_t' to 'float', possible loss of data
C:\Users\negr\Desktop\havok.cc\Havok.CC-Rust-Main\Havok.cc-Rust-External\rust\Overlay\color.hpp(19,26): warning C4244: '=': conversion from 'uint32_t' to 'float', possible loss of data
C:\Users\negr\Desktop\havok.cc\Havok.CC-Rust-Main\Havok.cc-Rust-External\rust\Overlay\color.hpp(20,20): warning C4244: '=': conversion from 'uint32_t' to 'float', possible loss of data
C:\Users\negr\Desktop\havok.cc\Havok.CC-Rust-Main\Havok.cc-Rust-External\rust\Overlay\color.hpp(64,57): warning C4244: '=': conversion from 'double' to 'float', possible loss of data
C:\Users\negr\Desktop\havok.cc\Havok.CC-Rust-Main\Havok.cc-Rust-External\rust\Overlay\color.hpp(65,57): warning C4244: '=': conversion from 'double' to 'float', possible loss of data
C:\Users\negr\Desktop\havok.cc\Havok.CC-Rust-Main\Havok.cc-Rust-External\rust\Overlay\color.hpp(80,13): warning C4244: 'initializing': conversion from 'float' to 'DWORD', possible loss of data
C:\Users\negr\Desktop\havok.cc\Havok.CC-Rust-Main\Havok.cc-Rust-External\rust\Overlay\color.hpp(85,34): warning C4244: 'argument': conversion from 'double' to 'float', possible loss of data
C:\Users\negr\Desktop\havok.cc\Havok.CC-Rust-Main\Havok.cc-Rust-External\rust\Overlay\color.hpp(84,34): warning C4244: 'argument': conversion from 'double' to 'float', possible loss of data
C:\Users\negr\Desktop\havok.cc\Havok.CC-Rust-Main\Havok.cc-Rust-External\rust\Overlay\color.hpp(83,34): warning C4244: 'argument': conversion from 'double' to 'float', possible loss of data
C:\Users\negr\Desktop\havok.cc\Havok.CC-Rust-Main\Havok.cc-Rust-External\rust\SDK\BasePlayer.hpp(223,38): warning C4244: 'return': conversion from 'float' to 'int', possible loss of data
C:\Users\negr\Desktop\havok.cc\Havok.CC-Rust-Main\Havok.cc-Rust-External\rust\SDK\BasePlayer.hpp(382,38): warning C4244: 'argument': conversion from 'int' to 'const S', possible loss of data
          with
          [
              S=float
          ]
C:\Users\negr\Desktop\havok.cc\Havok.CC-Rust-Main\Havok.cc-Rust-External\rust\Features\Aimbot\Aimbot.hpp(60,14): warning C4244: 'initializing': conversion from 'double' to 'float', possible loss of data
C:\Users\negr\Desktop\havok.cc\Havok.CC-Rust-Main\Havok.cc-Rust-External\rust\Features\Aimbot\Aimbot.hpp(107,66): warning C4244: 'argument': conversion from 'unsigned int' to 'float', possible loss of data
C:\Users\negr\Desktop\havok.cc\Havok.CC-Rust-Main\Havok.cc-Rust-External\rust\Features\Aimbot\Aimbot.hpp(107,48): warning C4244: 'argument': conversion from 'unsigned int' to 'float', possible loss of data
C:\Users\negr\Desktop\havok.cc\Havok.CC-Rust-Main\Havok.cc-Rust-External\rust\Features\ESP\DrawESP.hpp(30,87): warning C4305: 'argument': truncation from 'double' to 'float'
C:\Users\negr\Desktop\havok.cc\Havok.CC-Rust-Main\Havok.cc-Rust-External\rust\Features\ESP\DrawESP.hpp(55,87): warning C4305: 'argument': truncation from 'double' to 'float'
C:\Users\negr\Desktop\havok.cc\Havok.CC-Rust-Main\Havok.cc-Rust-External\rust\Features\ESP\DrawESP.hpp(78,88): warning C4305: 'argument': truncation from 'double' to 'float'
C:\Users\negr\Desktop\havok.cc\Havok.CC-Rust-Main\Havok.cc-Rust-External\rust\Features\ESP\DrawESP.hpp(83,11): warning C4101: 'res': unreferenced local variable
C:\Users\negr\Desktop\havok.cc\Havok.CC-Rust-Main\Havok.cc-Rust-External\rust\Features\ESP\DrawESP.hpp(97,88): warning C4305: 'argument': truncation from 'double' to 'float'
C:\Users\negr\Desktop\havok.cc\Havok.CC-Rust-Main\Havok.cc-Rust-External\rust\Features\ESP\DrawESP.hpp(102,11): warning C4101: 'res': unreferenced local variable
C:\Users\negr\Desktop\havok.cc\Havok.CC-Rust-Main\Havok.cc-Rust-External\rust\Features\ESP\DrawESP.hpp(112,90): warning C4305: 'argument': truncation from 'double' to 'float'
C:\Users\negr\Desktop\havok.cc\Havok.CC-Rust-Main\Havok.cc-Rust-External\rust\Features\ESP\DrawESP.hpp(145,14): warning C4244: 'initializing': conversion from 'unsigned int' to 'float', possible loss of data
C:\Users\negr\Desktop\havok.cc\Havok.CC-Rust-Main\Havok.cc-Rust-External\rust\Features\ESP\DrawESP.hpp(146,14): warning C4244: 'initializing': conversion from 'unsigned int' to 'float', possible loss of data
C:\Users\negr\Desktop\havok.cc\Havok.CC-Rust-Main\Havok.cc-Rust-External\rust\Features\ESP\DrawESP.hpp(147,156): warning C4244: 'argument': conversion from 'int' to 'float', possible loss of data
C:\Users\negr\Desktop\havok.cc\Havok.CC-Rust-Main\Havok.cc-Rust-External\rust\Features\ESP\DrawESP.hpp(148,156): warning C4244: 'argument': conversion from 'int' to 'float', possible loss of data
C:\Users\negr\Desktop\havok.cc\Havok.CC-Rust-Main\Havok.cc-Rust-External\rust\Features\ESP\DrawESP.hpp(149,156): warning C4244: 'argument': conversion from 'int' to 'float', possible loss of data
C:\Users\negr\Desktop\havok.cc\Havok.CC-Rust-Main\Havok.cc-Rust-External\rust\Features\ESP\DrawESP.hpp(150,156): warning C4244: 'argument': conversion from 'int' to 'float', possible loss of data
C:\Users\negr\Desktop\havok.cc\Havok.CC-Rust-Main\Havok.cc-Rust-External\rust\Features\ESP\DrawESP.hpp(172,12): warning C4244: 'initializing': conversion from 'unsigned int' to 'float', possible loss of data
C:\Users\negr\Desktop\havok.cc\Havok.CC-Rust-Main\Havok.cc-Rust-External\rust\Features\ESP\DrawESP.hpp(173,12): warning C4244: 'initializing': conversion from 'unsigned int' to 'float', possible loss of data
C:\Users\negr\Desktop\havok.cc\Havok.CC-Rust-Main\Havok.cc-Rust-External\rust\Features\ESP\ESP.hpp(41,56): warning C4244: 'argument': conversion from 'unsigned int' to 'float', possible loss of data
C:\Users\negr\Desktop\havok.cc\Havok.CC-Rust-Main\Havok.cc-Rust-External\rust\Features\ESP\ESP.hpp(41,38): warning C4244: 'argument': conversion from 'unsigned int' to 'float', possible loss of data
C:\Users\negr\Desktop\havok.cc\Havok.CC-Rust-Main\Havok.cc-Rust-External\rust\Features\ESP\ESP.hpp(126,79): warning C4244: 'argument': conversion from 'unsigned int' to 'float', possible loss of data
C:\Users\negr\Desktop\havok.cc\Havok.CC-Rust-Main\Havok.cc-Rust-External\rust\Features\MISC\Misc.hpp(17,15): warning C4244: 'initializing': conversion from 'T' to 'INT16', possible loss of data
          with
          [
              T=uint64_t
          ]
C:\Users\negr\Desktop\havok.cc\Havok.CC-Rust-Main\Havok.cc-Rust-External\rust\Entity\EntityLoop.hpp(31,23): warning C4018: '<': signed/unsigned mismatch
C:\Users\negr\Desktop\havok.cc\Havok.CC-Rust-Main\Havok.cc-Rust-External\rust\SDK\Driver.hpp(123,1): warning C4229: anachronism used: modifiers on data are ignored
C:\Users\negr\Desktop\havok.cc\Havok.CC-Rust-Main\Havok.cc-Rust-External\rust\SDK\Driver.hpp(241): message : see reference to function template instantiation 'T Read<uint64_t>(UINT_PTR)' being compiled
          with
          [
              T=uint64_t
          ]
C:\Program Files (x86)\Microsoft Visual Studio\2019\Community\VC\Tools\MSVC\14.28.29333\include\xstring(2468,23): warning C4244: 'argument': conversion from 'wchar_t' to 'const _Elem', possible loss of data
          with
          [
              _Elem=char
          ]
C:\Program Files (x86)\Microsoft Visual Studio\2019\Community\VC\Tools\MSVC\14.28.29333\include\xstring(2479): message : see reference to function template instantiation 'void std::basic_string<char,std::char_traits<char>,std::allocator<char>>::_Construct<wchar_t*>(_Iter,const _Iter,std::input_iterator_tag)' being compiled
          with
          [
              _Iter=wchar_t *
          ]
C:\Program Files (x86)\Microsoft Visual Studio\2019\Community\VC\Tools\MSVC\14.28.29333\include\xstring(2479): message : see reference to function template instantiation 'void std::basic_string<char,std::char_traits<char>,std::allocator<char>>::_Construct<wchar_t*>(_Iter,const _Iter,std::input_iterator_tag)' being compiled
          with
          [
              _Iter=wchar_t *
          ]
C:\Program Files (x86)\Microsoft Visual Studio\2019\Community\VC\Tools\MSVC\14.28.29333\include\xstring(2459): message : see reference to function template instantiation 'void std::basic_string<char,std::char_traits<char>,std::allocator<char>>::_Construct<wchar_t*>(const _Iter,const _Iter,std::forward_iterator_tag)' being compiled
          with
          [
              _Iter=wchar_t *
          ]
C:\Program Files (x86)\Microsoft Visual Studio\2019\Community\VC\Tools\MSVC\14.28.29333\include\xstring(2459): message : see reference to function template instantiation 'void std::basic_string<char,std::char_traits<char>,std::allocator<char>>::_Construct<wchar_t*>(const _Iter,const _Iter,std::forward_iterator_tag)' being compiled
          with
          [
              _Iter=wchar_t *
          ]
C:\Users\negr\Desktop\havok.cc\Havok.CC-Rust-Main\Havok.cc-Rust-External\rust\SDK\HeldItem.hpp(32): message : see reference to function template instantiation 'std::basic_string<char,std::char_traits<char>,std::allocator<char>>::basic_string<std::_String_iterator<std::_String_val<std::_Simple_types<_Elem>>>,0>(_Iter,_Iter,const _Alloc &)' being compiled
          with
          [
              _Elem=wchar_t,
              _Iter=std::_String_iterator<std::_String_val<std::_Simple_types<wchar_t>>>,
              _Alloc=std::allocator<char>
          ]
C:\Users\negr\Desktop\havok.cc\Havok.CC-Rust-Main\Havok.cc-Rust-External\rust\SDK\HeldItem.hpp(32): message : see reference to function template instantiation 'std::basic_string<char,std::char_traits<char>,std::allocator<char>>::basic_string<std::_String_iterator<std::_String_val<std::_Simple_types<_Elem>>>,0>(_Iter,_Iter,const _Alloc &)' being compiled
          with
          [
              _Elem=wchar_t,
              _Iter=std::_String_iterator<std::_String_val<std::_Simple_types<wchar_t>>>,
              _Alloc=std::allocator<char>
          ]
  Settings.cpp
C:\Users\negr\Desktop\havok.cc\Havok.CC-Rust-Main\Havok.cc-Rust-External\rust\Overlay\Menu\Settings.cpp(30,29): warning C4305: 'initializing': truncation from 'double' to 'float'
C:\Users\negr\Desktop\havok.cc\Havok.CC-Rust-Main\Havok.cc-Rust-External\rust\Overlay\Menu\Settings.cpp(96,64): warning C4305: 'initializing': truncation from 'double' to 'float'
  Overlay.cpp
C:\Users\negr\Desktop\havok.cc\Havok.CC-Rust-Main\Havok.cc-Rust-External\rust\Overlay\color.hpp(17,27): warning C4244: '=': conversion from 'uint32_t' to 'float', possible loss of data
C:\Users\negr\Desktop\havok.cc\Havok.CC-Rust-Main\Havok.cc-Rust-External\rust\Overlay\color.hpp(18,27): warning C4244: '=': conversion from 'uint32_t' to 'float', possible loss of data
C:\Users\negr\Desktop\havok.cc\Havok.CC-Rust-Main\Havok.cc-Rust-External\rust\Overlay\color.hpp(19,26): warning C4244: '=': conversion from 'uint32_t' to 'float', possible loss of data
C:\Users\negr\Desktop\havok.cc\Havok.CC-Rust-Main\Havok.cc-Rust-External\rust\Overlay\color.hpp(20,20): warning C4244: '=': conversion from 'uint32_t' to 'float', possible loss of data
C:\Users\negr\Desktop\havok.cc\Havok.CC-Rust-Main\Havok.cc-Rust-External\rust\Overlay\color.hpp(64,57): warning C4244: '=': conversion from 'double' to 'float', possible loss of data
C:\Users\negr\Desktop\havok.cc\Havok.CC-Rust-Main\Havok.cc-Rust-External\rust\Overlay\color.hpp(65,57): warning C4244: '=': conversion from 'double' to 'float', possible loss of data
C:\Users\negr\Desktop\havok.cc\Havok.CC-Rust-Main\Havok.cc-Rust-External\rust\Overlay\color.hpp(80,13): warning C4244: 'initializing': conversion from 'float' to 'DWORD', possible loss of data
C:\Users\negr\Desktop\havok.cc\Havok.CC-Rust-Main\Havok.cc-Rust-External\rust\Overlay\color.hpp(85,34): warning C4244: 'argument': conversion from 'double' to 'float', possible loss of data
C:\Users\negr\Desktop\havok.cc\Havok.CC-Rust-Main\Havok.cc-Rust-External\rust\Overlay\color.hpp(84,34): warning C4244: 'argument': conversion from 'double' to 'float', possible loss of data
C:\Users\negr\Desktop\havok.cc\Havok.CC-Rust-Main\Havok.cc-Rust-External\rust\Overlay\color.hpp(83,34): warning C4244: 'argument': conversion from 'double' to 'float', possible loss of data
  C:\Program Files (x86)\Microsoft DirectX SDK (June 2010)\Include\dinput.h: DIRECTINPUT_VERSION undefined. Defaulting to version 0x0800
C:\Users\negr\Desktop\havok.cc\Havok.CC-Rust-Main\Havok.cc-Rust-External\rust\Overlay\Menu\Menu.hpp(101,91): warning C4305: 'argument': truncation from 'double' to 'float'
C:\Users\negr\Desktop\havok.cc\Havok.CC-Rust-Main\Havok.cc-Rust-External\rust\Overlay\Menu\Menu.hpp(160,47): warning C4244: 'argument': conversion from 'const unsigned int' to 'float', possible loss of data
C:\Users\negr\Desktop\havok.cc\Havok.CC-Rust-Main\Havok.cc-Rust-External\rust\Overlay\Menu\Menu.hpp(160,34): warning C4244: 'argument': conversion from 'const unsigned int' to 'float', possible loss of data
C:\Users\negr\Desktop\havok.cc\Havok.CC-Rust-Main\Havok.cc-Rust-External\rust\Overlay\Menu\Menu.hpp(166,76): warning C4305: 'argument': truncation from 'double' to 'float'
C:\Users\negr\Desktop\havok.cc\Havok.CC-Rust-Main\Havok.cc-Rust-External\rust\Overlay\Menu\Menu.hpp(195,79): warning C4305: 'argument': truncation from 'double' to 'float'
C:\Users\negr\Desktop\havok.cc\Havok.CC-Rust-Main\Havok.cc-Rust-External\rust\Overlay\Overlay.cpp(14,1): warning C4005: 'DIRECTINPUT_VERSION': macro redefinition
C:\Program Files (x86)\Microsoft DirectX SDK (June 2010)\Include\dinput.h(42): message : see previous definition of 'DIRECTINPUT_VERSION'
C:\Users\negr\Desktop\havok.cc\Havok.CC-Rust-Main\Havok.cc-Rust-External\rust\Overlay\Overlay.cpp(61,62): warning C4305: 'argument': truncation from 'double' to 'float'
C:\Users\negr\Desktop\havok.cc\Havok.CC-Rust-Main\Havok.cc-Rust-External\rust\Overlay\Overlay.cpp(72,63): warning C4305: 'argument': truncation from 'double' to 'float'
C:\Users\negr\Desktop\havok.cc\Havok.CC-Rust-Main\Havok.cc-Rust-External\rust\Overlay\Overlay.cpp(147,74): warning C4267: 'argument': conversion from 'size_t' to 'int', possible loss of data
C:\Users\negr\Desktop\havok.cc\Havok.CC-Rust-Main\Havok.cc-Rust-External\rust\Overlay\Overlay.cpp(172,154): warning C4244: 'argument': conversion from 'double' to 'float', possible loss of data
C:\Users\negr\Desktop\havok.cc\Havok.CC-Rust-Main\Havok.cc-Rust-External\rust\Overlay\Overlay.cpp(172,136): warning C4244: 'argument': conversion from 'double' to 'float', possible loss of data
C:\Users\negr\Desktop\havok.cc\Havok.CC-Rust-Main\Havok.cc-Rust-External\rust\Overlay\Overlay.cpp(172,118): warning C4244: 'argument': conversion from 'double' to 'float', possible loss of data
C:\Users\negr\Desktop\havok.cc\Havok.CC-Rust-Main\Havok.cc-Rust-External\rust\Overlay\Overlay.cpp(172,100): warning C4244: 'argument': conversion from 'double' to 'float', possible loss of data
C:\Users\negr\Desktop\havok.cc\Havok.CC-Rust-Main\Havok.cc-Rust-External\rust\Overlay\Overlay.cpp(172,49): warning C4244: 'argument': conversion from 'int' to 'float', possible loss of data
C:\Users\negr\Desktop\havok.cc\Havok.CC-Rust-Main\Havok.cc-Rust-External\rust\Overlay\Overlay.cpp(172,46): warning C4244: 'argument': conversion from 'int' to 'float', possible loss of data
C:\Users\negr\Desktop\havok.cc\Havok.CC-Rust-Main\Havok.cc-Rust-External\rust\Overlay\Overlay.cpp(241,48): warning C4244: 'argument': conversion from 'const unsigned int' to 'float', possible loss of data
C:\Users\negr\Desktop\havok.cc\Havok.CC-Rust-Main\Havok.cc-Rust-External\rust\Overlay\Overlay.cpp(241,35): warning C4244: 'argument': conversion from 'const unsigned int' to 'float', possible loss of data
  Generating code
  3 of 2398 functions ( 0.1%) were compiled, the rest were copied from previous compilation.
    0 functions were new in current compilation
    18 functions had inline decision re-evaluated but remain unchanged
  Finished generating code
  rust.vcxproj -> C:\Users\negr\Desktop\havok.cc\Havok.CC-Rust-Main\Havok.cc-Rust-External\x64\Release\rust.exe
